[2023-11-28 08:12:40,878: INFO: main: >>>>>> stage Data Ingestion stage started <<<<<<]
[2023-11-28 08:12:40,883: INFO: common: yaml file: config\config.yaml loaded successfully]
[2023-11-28 08:12:40,886: INFO: common: yaml file: params.yaml loaded successfully]
[2023-11-28 08:12:40,887: INFO: common: created directory at: artifacts]
[2023-11-28 08:12:40,888: INFO: common: created directory at: artifacts/data_ingestion]
[2023-11-28 08:12:40,889: INFO: data_ingestion: Downloading data from https://drive.google.com/file/d/1vlhZ5c7abUKF8xXERIw6m9Te8fW7ohw3/view?usp=sharing into file artifacts/data_ingestion/data.zip]
[2023-11-28 08:12:52,088: INFO: data_ingestion: Downloaded data from https://drive.google.com/file/d/1vlhZ5c7abUKF8xXERIw6m9Te8fW7ohw3/view?usp=sharing into file artifacts/data_ingestion/data.zip]
[2023-11-28 08:12:53,434: INFO: main: >>>>>> stage Data Ingestion stage completed <<<<<<

x==========x]
[2023-11-28 08:12:53,434: INFO: main: *******************]
[2023-11-28 08:12:53,442: INFO: main: >>>>>> stage Prepare base model started <<<<<<]
[2023-11-28 08:12:53,450: INFO: common: yaml file: config\config.yaml loaded successfully]
[2023-11-28 08:12:53,456: INFO: common: yaml file: params.yaml loaded successfully]
[2023-11-28 08:12:53,458: INFO: common: created directory at: artifacts]
[2023-11-28 08:12:53,459: INFO: common: created directory at: artifacts/prepare_base_model]
[2023-11-28 08:13:04,433: WARNING: saving_utils: Compiled the loaded model, but the compiled metrics have yet to be built. `model.compile_metrics` will be empty until you train or evaluate the model.]
[2023-11-28 08:13:04,982: INFO: main: >>>>>> stage Prepare base model completed <<<<<<

x==========x]
[2023-11-28 08:13:04,983: INFO: main: *******************]
[2023-11-28 08:13:04,986: INFO: main: >>>>>> stage Training started <<<<<<]
[2023-11-28 08:13:04,994: INFO: common: yaml file: config\config.yaml loaded successfully]
[2023-11-28 08:13:05,000: INFO: common: yaml file: params.yaml loaded successfully]
[2023-11-28 08:13:05,002: INFO: common: created directory at: artifacts]
[2023-11-28 08:13:05,003: INFO: common: created directory at: artifacts\training]
[2023-11-28 08:14:32,317: INFO: main: >>>>>> stage Training completed <<<<<<

x==========x]
[2023-11-28 08:14:32,318: INFO: main: *******************]
[2023-11-28 08:14:32,320: INFO: main: >>>>>> stage Evaluation stage started <<<<<<]
[2023-11-28 08:14:32,330: INFO: common: yaml file: config\config.yaml loaded successfully]
[2023-11-28 08:14:32,335: INFO: common: yaml file: params.yaml loaded successfully]
[2023-11-28 08:14:32,337: INFO: common: created directory at: artifacts]
[2023-11-28 08:14:59,604: INFO: common: json file saved at: scores.json]
[2023-11-28 08:14:59,606: INFO: common: json file saved at: scores.json]
[2023-11-28 08:14:59,616: INFO: main: >>>>>> stage Evaluation stage completed <<<<<<

x==========x]
